<?xml version="1.0" encoding="UTF-8"?>
<coverage generated="1719082135212" clover="3.2.0">
  <project timestamp="1719082135212" name="All files">
    <metrics statements="53" coveredstatements="53" conditionals="1" coveredconditionals="1" methods="15" coveredmethods="15" elements="69" coveredelements="69" complexity="0" loc="53" ncloc="53" packages="1" files="6" classes="6"/>
    <file name="email.ts" path="E:\software-developer\user-manager\back\src\core\domain\email.ts">
      <metrics statements="5" coveredstatements="5" conditionals="1" coveredconditionals="1" methods="2" coveredmethods="2"/>
      <line num="1" count="2" type="stmt"/>
      <line num="4" count="4" type="cond" truecount="1" falsecount="0"/>
      <line num="5" count="1" type="stmt"/>
      <line num="7" count="3" type="stmt"/>
      <line num="10" count="4" type="stmt"/>
    </file>
    <file name="login-authentication.ts" path="E:\software-developer\user-manager\back\src\core\domain\login-authentication.ts">
      <metrics statements="10" coveredstatements="10" conditionals="0" coveredconditionals="0" methods="2" coveredmethods="2"/>
      <line num="1" count="1" type="stmt"/>
      <line num="12" count="1" type="stmt"/>
      <line num="20" count="1" type="stmt"/>
      <line num="21" count="1" type="stmt"/>
      <line num="22" count="1" type="stmt"/>
      <line num="23" count="1" type="stmt"/>
      <line num="24" count="1" type="stmt"/>
      <line num="25" count="1" type="stmt"/>
      <line num="30" count="1" type="stmt"/>
      <line num="31" count="1" type="stmt"/>
    </file>
    <file name="password.ts" path="E:\software-developer\user-manager\back\src\core\domain\password.ts">
      <metrics statements="11" coveredstatements="11" conditionals="0" coveredconditionals="0" methods="3" coveredmethods="3"/>
      <line num="1" count="2" type="stmt"/>
      <line num="3" count="2" type="stmt"/>
      <line num="5" count="4" type="stmt"/>
      <line num="6" count="4" type="stmt"/>
      <line num="10" count="4" type="stmt"/>
      <line num="11" count="4" type="stmt"/>
      <line num="14" count="4" type="stmt"/>
      <line num="15" count="4" type="stmt"/>
      <line num="18" count="2" type="stmt"/>
      <line num="21" count="2" type="stmt"/>
      <line num="22" count="2" type="stmt"/>
    </file>
    <file name="permission.ts" path="E:\software-developer\user-manager\back\src\core\domain\permission.ts">
      <metrics statements="6" coveredstatements="6" conditionals="0" coveredconditionals="0" methods="2" coveredmethods="2"/>
      <line num="1" count="3" type="stmt"/>
      <line num="8" count="3" type="stmt"/>
      <line num="13" count="3" type="stmt"/>
      <line num="14" count="3" type="stmt"/>
      <line num="18" count="3" type="stmt"/>
      <line num="19" count="3" type="stmt"/>
    </file>
    <file name="role.ts" path="E:\software-developer\user-manager\back\src\core\domain\role.ts">
      <metrics statements="8" coveredstatements="8" conditionals="0" coveredconditionals="0" methods="3" coveredmethods="3"/>
      <line num="1" count="1" type="stmt"/>
      <line num="10" count="1" type="stmt"/>
      <line num="16" count="2" type="stmt"/>
      <line num="17" count="2" type="stmt"/>
      <line num="18" count="2" type="stmt"/>
      <line num="22" count="2" type="stmt"/>
      <line num="23" count="2" type="stmt"/>
      <line num="31" count="1" type="stmt"/>
    </file>
    <file name="user-authentication.ts" path="E:\software-developer\user-manager\back\src\core\domain\user-authentication.ts">
      <metrics statements="13" coveredstatements="13" conditionals="0" coveredconditionals="0" methods="3" coveredmethods="3"/>
      <line num="1" count="1" type="stmt"/>
      <line num="2" count="1" type="stmt"/>
      <line num="3" count="1" type="stmt"/>
      <line num="22" count="1" type="stmt"/>
      <line num="28" count="2" type="stmt"/>
      <line num="30" count="2" type="stmt"/>
      <line num="31" count="2" type="stmt"/>
      <line num="32" count="2" type="stmt"/>
      <line num="33" count="2" type="stmt"/>
      <line num="34" count="2" type="stmt"/>
      <line num="39" count="2" type="stmt"/>
      <line num="40" count="2" type="stmt"/>
      <line num="51" count="1" type="stmt"/>
    </file>
  </project>
</coverage>
