{"E:\\software-developer\\user-manager\\back\\src\\core\\application\\repository\\permission-handler.ts": {"path":"E:\\software-developer\\user-manager\\back\\src\\core\\application\\repository\\permission-handler.ts","statementMap":{"0":{"start":{"line":3,"column":0},"end":{"line":3,"column":22}}},"fnMap":{},"branchMap":{},"s":{"0":2},"f":{},"b":{}}
,"E:\\software-developer\\user-manager\\back\\src\\core\\domain\\entities\\email.ts": {"path":"E:\\software-developer\\user-manager\\back\\src\\core\\domain\\entities\\email.ts","statementMap":{"0":{"start":{"line":4,"column":8},"end":{"line":6,"column":9}},"1":{"start":{"line":5,"column":12},"end":{"line":5,"column":null}},"2":{"start":{"line":7,"column":8},"end":{"line":7,"column":null}},"3":{"start":{"line":10,"column":8},"end":{"line":14,"column":null}},"4":{"start":{"line":1,"column":0},"end":{"line":1,"column":13}}},"fnMap":{"0":{"name":"(anonymous_0)","decl":{"start":{"line":3,"column":4},"end":{"line":3,"column":16}},"loc":{"start":{"line":3,"column":29},"end":{"line":8,"column":5}}},"1":{"name":"(anonymous_1)","decl":{"start":{"line":9,"column":12},"end":{"line":9,"column":20}},"loc":{"start":{"line":9,"column":34},"end":{"line":15,"column":5}}}},"branchMap":{"0":{"loc":{"start":{"line":4,"column":8},"end":{"line":6,"column":9}},"type":"if","locations":[{"start":{"line":4,"column":8},"end":{"line":6,"column":9}}]}},"s":{"0":14,"1":1,"2":13,"3":14,"4":3},"f":{"0":14,"1":14},"b":{"0":[1]}}
,"E:\\software-developer\\user-manager\\back\\src\\core\\domain\\entities\\login-authentication.ts": {"path":"E:\\software-developer\\user-manager\\back\\src\\core\\domain\\entities\\login-authentication.ts","statementMap":{"0":{"start":{"line":1,"column":0},"end":{"line":1,"column":35}},"1":{"start":{"line":20,"column":8},"end":{"line":20,"column":null}},"2":{"start":{"line":21,"column":8},"end":{"line":21,"column":null}},"3":{"start":{"line":22,"column":8},"end":{"line":22,"column":null}},"4":{"start":{"line":23,"column":8},"end":{"line":23,"column":null}},"5":{"start":{"line":24,"column":8},"end":{"line":24,"column":null}},"6":{"start":{"line":25,"column":8},"end":{"line":25,"column":null}},"7":{"start":{"line":26,"column":8},"end":{"line":26,"column":null}},"8":{"start":{"line":31,"column":19},"end":{"line":31,"column":31}},"9":{"start":{"line":32,"column":8},"end":{"line":39,"column":null}},"10":{"start":{"line":12,"column":0},"end":{"line":12,"column":13}}},"fnMap":{"0":{"name":"(anonymous_0)","decl":{"start":{"line":19,"column":4},"end":{"line":19,"column":16}},"loc":{"start":{"line":19,"column":43},"end":{"line":27,"column":5}}},"1":{"name":"(anonymous_1)","decl":{"start":{"line":28,"column":4},"end":{"line":28,"column":10}},"loc":{"start":{"line":29,"column":47},"end":{"line":40,"column":5}}}},"branchMap":{},"s":{"0":1,"1":1,"2":1,"3":1,"4":1,"5":1,"6":1,"7":1,"8":1,"9":1,"10":1},"f":{"0":1,"1":1},"b":{}}
,"E:\\software-developer\\user-manager\\back\\src\\core\\domain\\entities\\password.ts": {"path":"E:\\software-developer\\user-manager\\back\\src\\core\\domain\\entities\\password.ts","statementMap":{"0":{"start":{"line":1,"column":0},"end":{"line":1,"column":48}},"1":{"start":{"line":5,"column":17},"end":{"line":5,"column":30}},"2":{"start":{"line":6,"column":18},"end":{"line":6,"column":30}},"3":{"start":{"line":10,"column":21},"end":{"line":10,"column":47}},"4":{"start":{"line":11,"column":21},"end":{"line":13,"column":26}},"5":{"start":{"line":14,"column":29},"end":{"line":14,"column":46}},"6":{"start":{"line":15,"column":8},"end":{"line":15,"column":null}},"7":{"start":{"line":18,"column":21},"end":{"line":20,"column":26}},"8":{"start":{"line":21,"column":26},"end":{"line":21,"column":48}},"9":{"start":{"line":22,"column":8},"end":{"line":22,"column":null}},"10":{"start":{"line":3,"column":0},"end":{"line":3,"column":13}}},"fnMap":{"0":{"name":"(anonymous_0)","decl":{"start":{"line":4,"column":4},"end":{"line":4,"column":null}},"loc":{"start":{"line":6,"column":30},"end":{"line":7,"column":8}}},"1":{"name":"(anonymous_1)","decl":{"start":{"line":9,"column":4},"end":{"line":9,"column":10}},"loc":{"start":{"line":9,"column":34},"end":{"line":16,"column":5}}},"2":{"name":"(anonymous_2)","decl":{"start":{"line":17,"column":4},"end":{"line":17,"column":12}},"loc":{"start":{"line":17,"column":29},"end":{"line":23,"column":5}}}},"branchMap":{},"s":{"0":3,"1":15,"2":15,"3":12,"4":12,"5":12,"6":12,"7":2,"8":2,"9":2,"10":3},"f":{"0":15,"1":12,"2":2},"b":{}}
,"E:\\software-developer\\user-manager\\back\\src\\core\\domain\\entities\\permission.ts": {"path":"E:\\software-developer\\user-manager\\back\\src\\core\\domain\\entities\\permission.ts","statementMap":{"0":{"start":{"line":1,"column":0},"end":{"line":1,"column":35}},"1":{"start":{"line":13,"column":4},"end":{"line":13,"column":null}},"2":{"start":{"line":14,"column":4},"end":{"line":14,"column":null}},"3":{"start":{"line":18,"column":15},"end":{"line":18,"column":27}},"4":{"start":{"line":19,"column":4},"end":{"line":22,"column":null}},"5":{"start":{"line":8,"column":0},"end":{"line":8,"column":13}}},"fnMap":{"0":{"name":"(anonymous_0)","decl":{"start":{"line":12,"column":2},"end":{"line":12,"column":14}},"loc":{"start":{"line":12,"column":32},"end":{"line":15,"column":3}}},"1":{"name":"(anonymous_1)","decl":{"start":{"line":17,"column":2},"end":{"line":17,"column":8}},"loc":{"start":{"line":17,"column":28},"end":{"line":23,"column":3}}}},"branchMap":{},"s":{"0":2,"1":6,"2":6,"3":6,"4":6,"5":2},"f":{"0":6,"1":6},"b":{}}
,"E:\\software-developer\\user-manager\\back\\src\\core\\domain\\entities\\user.ts": {"path":"E:\\software-developer\\user-manager\\back\\src\\core\\domain\\entities\\user.ts","statementMap":{"0":{"start":{"line":1,"column":0},"end":{"line":1,"column":35}},"1":{"start":{"line":2,"column":0},"end":{"line":2,"column":31}},"2":{"start":{"line":3,"column":0},"end":{"line":3,"column":37}},"3":{"start":{"line":5,"column":0},"end":{"line":5,"column":83}},"4":{"start":{"line":29,"column":8},"end":{"line":29,"column":null}},"5":{"start":{"line":27,"column":4},"end":{"line":27,"column":null}},"6":{"start":{"line":30,"column":8},"end":{"line":30,"column":null}},"7":{"start":{"line":31,"column":8},"end":{"line":31,"column":null}},"8":{"start":{"line":32,"column":8},"end":{"line":32,"column":null}},"9":{"start":{"line":33,"column":8},"end":{"line":33,"column":null}},"10":{"start":{"line":34,"column":8},"end":{"line":34,"column":null}},"11":{"start":{"line":39,"column":19},"end":{"line":39,"column":31}},"12":{"start":{"line":40,"column":8},"end":{"line":47,"column":null}},"13":{"start":{"line":50,"column":8},"end":{"line":50,"column":61}},"14":{"start":{"line":53,"column":8},"end":{"line":53,"column":80}},"15":{"start":{"line":53,"column":56},"end":{"line":53,"column":78}},"16":{"start":{"line":56,"column":8},"end":{"line":58,"column":9}},"17":{"start":{"line":57,"column":12},"end":{"line":57,"column":null}},"18":{"start":{"line":59,"column":22},"end":{"line":59,"column":96}},"19":{"start":{"line":60,"column":8},"end":{"line":60,"column":80}},"20":{"start":{"line":60,"column":35},"end":{"line":60,"column":78}},"21":{"start":{"line":60,"column":62},"end":{"line":60,"column":77}},"22":{"start":{"line":21,"column":0},"end":{"line":21,"column":13}}},"fnMap":{"0":{"name":"(anonymous_0)","decl":{"start":{"line":28,"column":4},"end":{"line":28,"column":16}},"loc":{"start":{"line":28,"column":28},"end":{"line":35,"column":5}}},"1":{"name":"(anonymous_1)","decl":{"start":{"line":36,"column":4},"end":{"line":36,"column":10}},"loc":{"start":{"line":37,"column":38},"end":{"line":48,"column":5}}},"2":{"name":"(anonymous_2)","decl":{"start":{"line":49,"column":4},"end":{"line":49,"column":17}},"loc":{"start":{"line":49,"column":40},"end":{"line":51,"column":5}}},"3":{"name":"(anonymous_3)","decl":{"start":{"line":52,"column":4},"end":{"line":52,"column":20}},"loc":{"start":{"line":52,"column":43},"end":{"line":54,"column":5}}},"4":{"name":"(anonymous_4)","decl":{"start":{"line":53,"column":51},"end":{"line":53,"column":52}},"loc":{"start":{"line":53,"column":56},"end":{"line":53,"column":78}}},"5":{"name":"(anonymous_5)","decl":{"start":{"line":55,"column":4},"end":{"line":55,"column":19}},"loc":{"start":{"line":55,"column":56},"end":{"line":61,"column":5}}},"6":{"name":"(anonymous_6)","decl":{"start":{"line":60,"column":27},"end":{"line":60,"column":31}},"loc":{"start":{"line":60,"column":35},"end":{"line":60,"column":78}}},"7":{"name":"(anonymous_7)","decl":{"start":{"line":60,"column":57},"end":{"line":60,"column":58}},"loc":{"start":{"line":60,"column":62},"end":{"line":60,"column":77}}}},"branchMap":{"0":{"loc":{"start":{"line":56,"column":8},"end":{"line":58,"column":9}},"type":"if","locations":[{"start":{"line":56,"column":8},"end":{"line":58,"column":9}}]},"1":{"loc":{"start":{"line":59,"column":22},"end":{"line":59,"column":96}},"type":"cond-expr","locations":[{"start":{"line":59,"column":57},"end":{"line":59,"column":74}},{"start":{"line":59,"column":77},"end":{"line":59,"column":96}}]}},"s":{"0":2,"1":2,"2":2,"3":2,"4":12,"5":12,"6":12,"7":12,"8":12,"9":12,"10":12,"11":9,"12":9,"13":5,"14":1,"15":1,"16":3,"17":1,"18":2,"19":2,"20":2,"21":2,"22":2},"f":{"0":12,"1":9,"2":5,"3":1,"4":1,"5":3,"6":2,"7":2},"b":{"0":[1],"1":[0,2]}}
,"E:\\software-developer\\user-manager\\back\\src\\core\\domain\\use_cases\\create-user.ts": {"path":"E:\\software-developer\\user-manager\\back\\src\\core\\domain\\use_cases\\create-user.ts","statementMap":{"0":{"start":{"line":1,"column":0},"end":{"line":1,"column":39}},"1":{"start":{"line":5,"column":31},"end":{"line":5,"column":62}},"2":{"start":{"line":7,"column":17},"end":{"line":7,"column":35}},"3":{"start":{"line":8,"column":19},"end":{"line":8,"column":57}},"4":{"start":{"line":9,"column":4},"end":{"line":9,"column":null}},"5":{"start":{"line":4,"column":0},"end":{"line":4,"column":13}}},"fnMap":{"0":{"name":"(anonymous_0)","decl":{"start":{"line":5,"column":2},"end":{"line":5,"column":31}},"loc":{"start":{"line":5,"column":62},"end":{"line":5,"column":65}}},"1":{"name":"(anonymous_1)","decl":{"start":{"line":6,"column":2},"end":{"line":6,"column":7}},"loc":{"start":{"line":6,"column":28},"end":{"line":10,"column":3}}}},"branchMap":{},"s":{"0":1,"1":3,"2":3,"3":3,"4":3,"5":1},"f":{"0":3,"1":3},"b":{}}
,"E:\\software-developer\\user-manager\\back\\src\\core\\domain\\use_cases\\delete-user.ts": {"path":"E:\\software-developer\\user-manager\\back\\src\\core\\domain\\use_cases\\delete-user.ts","statementMap":{"0":{"start":{"line":4,"column":31},"end":{"line":4,"column":62}},"1":{"start":{"line":6,"column":4},"end":{"line":6,"column":null}},"2":{"start":{"line":3,"column":0},"end":{"line":3,"column":13}}},"fnMap":{"0":{"name":"(anonymous_0)","decl":{"start":{"line":4,"column":2},"end":{"line":4,"column":31}},"loc":{"start":{"line":4,"column":62},"end":{"line":4,"column":65}}},"1":{"name":"(anonymous_1)","decl":{"start":{"line":5,"column":2},"end":{"line":5,"column":7}},"loc":{"start":{"line":5,"column":27},"end":{"line":7,"column":3}}}},"branchMap":{},"s":{"0":1,"1":1,"2":1},"f":{"0":1,"1":1},"b":{}}
,"E:\\software-developer\\user-manager\\back\\src\\core\\domain\\use_cases\\find-user.ts": {"path":"E:\\software-developer\\user-manager\\back\\src\\core\\domain\\use_cases\\find-user.ts","statementMap":{"0":{"start":{"line":4,"column":31},"end":{"line":4,"column":62}},"1":{"start":{"line":6,"column":4},"end":{"line":10,"column":5}},"2":{"start":{"line":7,"column":6},"end":{"line":7,"column":null}},"3":{"start":{"line":9,"column":6},"end":{"line":9,"column":null}},"4":{"start":{"line":3,"column":0},"end":{"line":3,"column":13}}},"fnMap":{"0":{"name":"(anonymous_0)","decl":{"start":{"line":4,"column":2},"end":{"line":4,"column":31}},"loc":{"start":{"line":4,"column":62},"end":{"line":4,"column":65}}},"1":{"name":"(anonymous_1)","decl":{"start":{"line":5,"column":2},"end":{"line":5,"column":7}},"loc":{"start":{"line":5,"column":27},"end":{"line":11,"column":3}}}},"branchMap":{},"s":{"0":3,"1":3,"2":3,"3":0,"4":1},"f":{"0":3,"1":3},"b":{}}
,"E:\\software-developer\\user-manager\\back\\src\\core\\domain\\use_cases\\update-user.ts": {"path":"E:\\software-developer\\user-manager\\back\\src\\core\\domain\\use_cases\\update-user.ts","statementMap":{"0":{"start":{"line":2,"column":0},"end":{"line":2,"column":48}},"1":{"start":{"line":5,"column":31},"end":{"line":5,"column":62}},"2":{"start":{"line":7,"column":17},"end":{"line":7,"column":59}},"3":{"start":{"line":8,"column":4},"end":{"line":8,"column":null}},"4":{"start":{"line":8,"column":13},"end":{"line":8,"column":null}},"5":{"start":{"line":9,"column":4},"end":{"line":9,"column":null}},"6":{"start":{"line":10,"column":4},"end":{"line":10,"column":null}},"7":{"start":{"line":11,"column":4},"end":{"line":13,"column":5}},"8":{"start":{"line":12,"column":6},"end":{"line":12,"column":null}},"9":{"start":{"line":14,"column":4},"end":{"line":14,"column":null}},"10":{"start":{"line":4,"column":0},"end":{"line":4,"column":13}}},"fnMap":{"0":{"name":"(anonymous_0)","decl":{"start":{"line":5,"column":2},"end":{"line":5,"column":31}},"loc":{"start":{"line":5,"column":62},"end":{"line":5,"column":65}}},"1":{"name":"(anonymous_1)","decl":{"start":{"line":6,"column":2},"end":{"line":6,"column":7}},"loc":{"start":{"line":6,"column":27},"end":{"line":15,"column":3}}}},"branchMap":{"0":{"loc":{"start":{"line":8,"column":4},"end":{"line":8,"column":null}},"type":"if","locations":[{"start":{"line":8,"column":4},"end":{"line":8,"column":null}}]},"1":{"loc":{"start":{"line":9,"column":18},"end":{"line":9,"column":45}},"type":"binary-expr","locations":[{"start":{"line":9,"column":18},"end":{"line":9,"column":30}},{"start":{"line":9,"column":34},"end":{"line":9,"column":45}}]},"2":{"loc":{"start":{"line":10,"column":20},"end":{"line":10,"column":51}},"type":"binary-expr","locations":[{"start":{"line":10,"column":20},"end":{"line":10,"column":34}},{"start":{"line":10,"column":38},"end":{"line":10,"column":51}}]},"3":{"loc":{"start":{"line":11,"column":4},"end":{"line":13,"column":5}},"type":"if","locations":[{"start":{"line":11,"column":4},"end":{"line":13,"column":5}}]}},"s":{"0":1,"1":1,"2":1,"3":1,"4":0,"5":1,"6":1,"7":1,"8":1,"9":1,"10":1},"f":{"0":1,"1":1},"b":{"0":[0],"1":[1,0],"2":[1,1],"3":[1]}}
,"E:\\software-developer\\user-manager\\back\\src\\infra\\database\\PgAdapter.ts": {"path":"E:\\software-developer\\user-manager\\back\\src\\infra\\database\\PgAdapter.ts","statementMap":{"0":{"start":{"line":1,"column":0},"end":{"line":1,"column":39}},"1":{"start":{"line":7,"column":4},"end":{"line":7,"column":null}},"2":{"start":{"line":10,"column":4},"end":{"line":12,"column":null}},"3":{"start":{"line":11,"column":6},"end":{"line":11,"column":null}},"4":{"start":{"line":15,"column":4},"end":{"line":15,"column":null}},"5":{"start":{"line":19,"column":4},"end":{"line":21,"column":5}},"6":{"start":{"line":20,"column":6},"end":{"line":20,"column":40}},"7":{"start":{"line":24,"column":4},"end":{"line":24,"column":36}},"8":{"start":{"line":4,"column":0},"end":{"line":4,"column":13}}},"fnMap":{"0":{"name":"(anonymous_1)","decl":{"start":{"line":6,"column":2},"end":{"line":6,"column":14}},"loc":{"start":{"line":6,"column":38},"end":{"line":8,"column":3}}},"1":{"name":"(anonymous_2)","decl":{"start":{"line":9,"column":2},"end":{"line":9,"column":7}},"loc":{"start":{"line":9,"column":59},"end":{"line":13,"column":3}}},"2":{"name":"(anonymous_3)","decl":{"start":{"line":10,"column":29},"end":{"line":10,"column":30}},"loc":{"start":{"line":10,"column":32},"end":{"line":12,"column":5}}},"3":{"name":"(anonymous_4)","decl":{"start":{"line":14,"column":2},"end":{"line":14,"column":7}},"loc":{"start":{"line":14,"column":39},"end":{"line":16,"column":3}}},"4":{"name":"(anonymous_5)","decl":{"start":{"line":18,"column":1},"end":{"line":18,"column":6}},"loc":{"start":{"line":18,"column":12},"end":{"line":22,"column":3}}},"5":{"name":"(anonymous_6)","decl":{"start":{"line":23,"column":2},"end":{"line":23,"column":7}},"loc":{"start":{"line":23,"column":15},"end":{"line":25,"column":3}}}},"branchMap":{"0":{"loc":{"start":{"line":19,"column":4},"end":{"line":21,"column":5}},"type":"if","locations":[{"start":{"line":19,"column":4},"end":{"line":21,"column":5}}]}},"s":{"0":1,"1":1,"2":4,"3":4,"4":5,"5":0,"6":0,"7":1,"8":1},"f":{"0":1,"1":4,"2":4,"3":5,"4":0,"5":1},"b":{"0":[0]}}
,"E:\\software-developer\\user-manager\\back\\src\\infra\\repository\\user.ts": {"path":"E:\\software-developer\\user-manager\\back\\src\\infra\\repository\\user.ts","statementMap":{"0":{"start":{"line":2,"column":0},"end":{"line":2,"column":57}},"1":{"start":{"line":3,"column":0},"end":{"line":3,"column":63}},"2":{"start":{"line":4,"column":0},"end":{"line":4,"column":55}},"3":{"start":{"line":8,"column":33},"end":{"line":8,"column":52}},"4":{"start":{"line":11,"column":8},"end":{"line":29,"column":9}},"5":{"start":{"line":12,"column":12},"end":{"line":24,"column":null}},"6":{"start":{"line":13,"column":16},"end":{"line":16,"column":18}},"7":{"start":{"line":25,"column":12},"end":{"line":25,"column":null}},"8":{"start":{"line":27,"column":12},"end":{"line":27,"column":33}},"9":{"start":{"line":28,"column":12},"end":{"line":28,"column":24}},"10":{"start":{"line":33,"column":8},"end":{"line":49,"column":9}},"11":{"start":{"line":34,"column":12},"end":{"line":45,"column":null}},"12":{"start":{"line":35,"column":16},"end":{"line":38,"column":18}},"13":{"start":{"line":47,"column":12},"end":{"line":47,"column":33}},"14":{"start":{"line":48,"column":12},"end":{"line":48,"column":24}},"15":{"start":{"line":53,"column":8},"end":{"line":59,"column":9}},"16":{"start":{"line":55,"column":12},"end":{"line":55,"column":80}},"17":{"start":{"line":57,"column":12},"end":{"line":57,"column":33}},"18":{"start":{"line":58,"column":12},"end":{"line":58,"column":24}},"19":{"start":{"line":62,"column":8},"end":{"line":74,"column":9}},"20":{"start":{"line":63,"column":27},"end":{"line":63,"column":103}},"21":{"start":{"line":64,"column":12},"end":{"line":71,"column":15}},"22":{"start":{"line":73,"column":12},"end":{"line":73,"column":46}},"23":{"start":{"line":77,"column":8},"end":{"line":82,"column":9}},"24":{"start":{"line":78,"column":12},"end":{"line":78,"column":null}},"25":{"start":{"line":80,"column":12},"end":{"line":80,"column":33}},"26":{"start":{"line":81,"column":12},"end":{"line":81,"column":24}},"27":{"start":{"line":7,"column":0},"end":{"line":7,"column":13}}},"fnMap":{"0":{"name":"(anonymous_0)","decl":{"start":{"line":8,"column":4},"end":{"line":8,"column":33}},"loc":{"start":{"line":8,"column":52},"end":{"line":8,"column":56}}},"1":{"name":"(anonymous_1)","decl":{"start":{"line":10,"column":4},"end":{"line":10,"column":9}},"loc":{"start":{"line":10,"column":27},"end":{"line":30,"column":5}}},"2":{"name":"(anonymous_2)","decl":{"start":{"line":12,"column":35},"end":{"line":12,"column":40}},"loc":{"start":{"line":12,"column":44},"end":{"line":24,"column":13}}},"3":{"name":"(anonymous_3)","decl":{"start":{"line":32,"column":4},"end":{"line":32,"column":9}},"loc":{"start":{"line":32,"column":27},"end":{"line":50,"column":5}}},"4":{"name":"(anonymous_4)","decl":{"start":{"line":34,"column":35},"end":{"line":34,"column":40}},"loc":{"start":{"line":34,"column":44},"end":{"line":45,"column":13}}},"5":{"name":"(anonymous_5)","decl":{"start":{"line":52,"column":4},"end":{"line":52,"column":9}},"loc":{"start":{"line":52,"column":27},"end":{"line":60,"column":5}}},"6":{"name":"(anonymous_6)","decl":{"start":{"line":61,"column":4},"end":{"line":61,"column":9}},"loc":{"start":{"line":61,"column":24},"end":{"line":75,"column":5}}},"7":{"name":"(anonymous_7)","decl":{"start":{"line":76,"column":4},"end":{"line":76,"column":9}},"loc":{"start":{"line":76,"column":18},"end":{"line":83,"column":5}}}},"branchMap":{},"s":{"0":1,"1":1,"2":1,"3":1,"4":3,"5":3,"6":3,"7":3,"8":0,"9":0,"10":1,"11":1,"12":1,"13":0,"14":0,"15":1,"16":1,"17":0,"18":0,"19":4,"20":4,"21":3,"22":0,"23":0,"24":0,"25":0,"26":0,"27":1},"f":{"0":1,"1":3,"2":3,"3":1,"4":1,"5":1,"6":4,"7":0},"b":{}}
}
